ERROR - 2022-10-20 01:29:37 --> mysqli_sql_exception: Unknown column 'created_at' in 'field list' in C:\wp2\vendor\codeigniter4\framework\system\Database\MySQLi\Connection.php:292
Stack trace:
#0 C:\wp2\vendor\codeigniter4\framework\system\Database\MySQLi\Connection.php(292): mysqli->query('INSERT INTO `ka...', 0)
#1 C:\wp2\vendor\codeigniter4\framework\system\Database\BaseConnection.php(693): CodeIgniter\Database\MySQLi\Connection->execute('INSERT INTO `ka...')
#2 C:\wp2\vendor\codeigniter4\framework\system\Database\BaseConnection.php(620): CodeIgniter\Database\BaseConnection->simpleQuery('INSERT INTO `ka...')
#3 C:\wp2\vendor\codeigniter4\framework\system\Database\BaseBuilder.php(1778): CodeIgniter\Database\BaseConnection->query('INSERT INTO `ka...', NULL, false)
#4 C:\wp2\vendor\codeigniter4\framework\system\Model.php(312): CodeIgniter\Database\BaseBuilder->insertBatch(Array, NULL, 100)
#5 C:\wp2\vendor\codeigniter4\framework\system\BaseModel.php(834): CodeIgniter\Model->doInsertBatch(Array, NULL, 100, false)
#6 C:\wp2\app\Database\Seeds\KategoriSeeder.php(13): CodeIgniter\BaseModel->insertBatch(Array)
#7 C:\wp2\vendor\codeigniter4\framework\system\Database\Seeder.php(145): App\Database\Seeds\KategoriSeeder->run()
#8 C:\wp2\vendor\codeigniter4\framework\system\Commands\Database\Seed.php(77): CodeIgniter\Database\Seeder->call('App\\Database\\Se...')
#9 C:\wp2\vendor\codeigniter4\framework\system\CLI\Commands.php(63): CodeIgniter\Commands\Database\Seed->run(Array)
#10 C:\wp2\vendor\codeigniter4\framework\system\CLI\CommandRunner.php(65): CodeIgniter\CLI\Commands->run('db:seed', Array)
#11 C:\wp2\vendor\codeigniter4\framework\system\CLI\CommandRunner.php(51): CodeIgniter\CLI\CommandRunner->index(Array)
#12 C:\wp2\vendor\codeigniter4\framework\system\CodeIgniter.php(895): CodeIgniter\CLI\CommandRunner->_remap('index', Array)
#13 C:\wp2\vendor\codeigniter4\framework\system\CodeIgniter.php(457): CodeIgniter\CodeIgniter->runController(Object(CodeIgniter\CLI\CommandRunner))
#14 C:\wp2\vendor\codeigniter4\framework\system\CodeIgniter.php(336): CodeIgniter\CodeIgniter->handleRequest(NULL, Object(Config\Cache), false)
#15 C:\wp2\vendor\codeigniter4\framework\system\CLI\Console.php(48): CodeIgniter\CodeIgniter->run()
#16 C:\wp2\spark(98): CodeIgniter\CLI\Console->run()
#17 {main}
ERROR - 2022-10-20 01:30:28 --> mysqli_sql_exception: Unknown column 'created_at' in 'field list' in C:\wp2\vendor\codeigniter4\framework\system\Database\MySQLi\Connection.php:292
Stack trace:
#0 C:\wp2\vendor\codeigniter4\framework\system\Database\MySQLi\Connection.php(292): mysqli->query('INSERT INTO `ka...', 0)
#1 C:\wp2\vendor\codeigniter4\framework\system\Database\BaseConnection.php(693): CodeIgniter\Database\MySQLi\Connection->execute('INSERT INTO `ka...')
#2 C:\wp2\vendor\codeigniter4\framework\system\Database\BaseConnection.php(620): CodeIgniter\Database\BaseConnection->simpleQuery('INSERT INTO `ka...')
#3 C:\wp2\vendor\codeigniter4\framework\system\Database\BaseBuilder.php(1778): CodeIgniter\Database\BaseConnection->query('INSERT INTO `ka...', NULL, false)
#4 C:\wp2\vendor\codeigniter4\framework\system\Model.php(312): CodeIgniter\Database\BaseBuilder->insertBatch(Array, NULL, 100)
#5 C:\wp2\vendor\codeigniter4\framework\system\BaseModel.php(834): CodeIgniter\Model->doInsertBatch(Array, NULL, 100, false)
#6 C:\wp2\app\Database\Seeds\KategoriSeeder.php(13): CodeIgniter\BaseModel->insertBatch(Array)
#7 C:\wp2\vendor\codeigniter4\framework\system\Database\Seeder.php(145): App\Database\Seeds\KategoriSeeder->run()
#8 C:\wp2\vendor\codeigniter4\framework\system\Commands\Database\Seed.php(77): CodeIgniter\Database\Seeder->call('App\\Database\\Se...')
#9 C:\wp2\vendor\codeigniter4\framework\system\CLI\Commands.php(63): CodeIgniter\Commands\Database\Seed->run(Array)
#10 C:\wp2\vendor\codeigniter4\framework\system\CLI\CommandRunner.php(65): CodeIgniter\CLI\Commands->run('db:seed', Array)
#11 C:\wp2\vendor\codeigniter4\framework\system\CLI\CommandRunner.php(51): CodeIgniter\CLI\CommandRunner->index(Array)
#12 C:\wp2\vendor\codeigniter4\framework\system\CodeIgniter.php(895): CodeIgniter\CLI\CommandRunner->_remap('index', Array)
#13 C:\wp2\vendor\codeigniter4\framework\system\CodeIgniter.php(457): CodeIgniter\CodeIgniter->runController(Object(CodeIgniter\CLI\CommandRunner))
#14 C:\wp2\vendor\codeigniter4\framework\system\CodeIgniter.php(336): CodeIgniter\CodeIgniter->handleRequest(NULL, Object(Config\Cache), false)
#15 C:\wp2\vendor\codeigniter4\framework\system\CLI\Console.php(48): CodeIgniter\CodeIgniter->run()
#16 C:\wp2\spark(98): CodeIgniter\CLI\Console->run()
#17 {main}
ERROR - 2022-10-20 01:31:10 --> mysqli_sql_exception: Unknown column 'kategori' in 'field list' in C:\wp2\vendor\codeigniter4\framework\system\Database\MySQLi\Connection.php:292
Stack trace:
#0 C:\wp2\vendor\codeigniter4\framework\system\Database\MySQLi\Connection.php(292): mysqli->query('INSERT INTO `ka...', 0)
#1 C:\wp2\vendor\codeigniter4\framework\system\Database\BaseConnection.php(693): CodeIgniter\Database\MySQLi\Connection->execute('INSERT INTO `ka...')
#2 C:\wp2\vendor\codeigniter4\framework\system\Database\BaseConnection.php(620): CodeIgniter\Database\BaseConnection->simpleQuery('INSERT INTO `ka...')
#3 C:\wp2\vendor\codeigniter4\framework\system\Database\BaseBuilder.php(1778): CodeIgniter\Database\BaseConnection->query('INSERT INTO `ka...', NULL, false)
#4 C:\wp2\vendor\codeigniter4\framework\system\Model.php(312): CodeIgniter\Database\BaseBuilder->insertBatch(Array, NULL, 100)
#5 C:\wp2\vendor\codeigniter4\framework\system\BaseModel.php(834): CodeIgniter\Model->doInsertBatch(Array, NULL, 100, false)
#6 C:\wp2\app\Database\Seeds\KategoriSeeder.php(13): CodeIgniter\BaseModel->insertBatch(Array)
#7 C:\wp2\vendor\codeigniter4\framework\system\Database\Seeder.php(145): App\Database\Seeds\KategoriSeeder->run()
#8 C:\wp2\vendor\codeigniter4\framework\system\Commands\Database\Seed.php(77): CodeIgniter\Database\Seeder->call('App\\Database\\Se...')
#9 C:\wp2\vendor\codeigniter4\framework\system\CLI\Commands.php(63): CodeIgniter\Commands\Database\Seed->run(Array)
#10 C:\wp2\vendor\codeigniter4\framework\system\CLI\CommandRunner.php(65): CodeIgniter\CLI\Commands->run('db:seed', Array)
#11 C:\wp2\vendor\codeigniter4\framework\system\CLI\CommandRunner.php(51): CodeIgniter\CLI\CommandRunner->index(Array)
#12 C:\wp2\vendor\codeigniter4\framework\system\CodeIgniter.php(895): CodeIgniter\CLI\CommandRunner->_remap('index', Array)
#13 C:\wp2\vendor\codeigniter4\framework\system\CodeIgniter.php(457): CodeIgniter\CodeIgniter->runController(Object(CodeIgniter\CLI\CommandRunner))
#14 C:\wp2\vendor\codeigniter4\framework\system\CodeIgniter.php(336): CodeIgniter\CodeIgniter->handleRequest(NULL, Object(Config\Cache), false)
#15 C:\wp2\vendor\codeigniter4\framework\system\CLI\Console.php(48): CodeIgniter\CodeIgniter->run()
#16 C:\wp2\spark(98): CodeIgniter\CLI\Console->run()
#17 {main}
ERROR - 2022-10-20 02:18:53 --> mysqli_sql_exception: Unknown column 'gender' in 'field list' in C:\wp2\vendor\codeigniter4\framework\system\Database\MySQLi\Connection.php:292
Stack trace:
#0 C:\wp2\vendor\codeigniter4\framework\system\Database\MySQLi\Connection.php(292): mysqli->query('INSERT INTO `ba...', 0)
#1 C:\wp2\vendor\codeigniter4\framework\system\Database\BaseConnection.php(693): CodeIgniter\Database\MySQLi\Connection->execute('INSERT INTO `ba...')
#2 C:\wp2\vendor\codeigniter4\framework\system\Database\BaseConnection.php(620): CodeIgniter\Database\BaseConnection->simpleQuery('INSERT INTO `ba...')
#3 C:\wp2\vendor\codeigniter4\framework\system\Database\BaseBuilder.php(1916): CodeIgniter\Database\BaseConnection->query('INSERT INTO `ba...', Array, false)
#4 C:\wp2\vendor\codeigniter4\framework\system\Model.php(279): CodeIgniter\Database\BaseBuilder->insert()
#5 C:\wp2\vendor\codeigniter4\framework\system\BaseModel.php(748): CodeIgniter\Model->doInsert(Array)
#6 C:\wp2\vendor\codeigniter4\framework\system\Model.php(667): CodeIgniter\BaseModel->insert(Array, true)
#7 C:\wp2\app\Database\Seeds\BahasaSeeder.php(16): CodeIgniter\Model->insert(Array)
#8 C:\wp2\vendor\codeigniter4\framework\system\Database\Seeder.php(145): App\Database\Seeds\BahasaSeeder->run()
#9 C:\wp2\vendor\codeigniter4\framework\system\Commands\Database\Seed.php(77): CodeIgniter\Database\Seeder->call('App\\Database\\Se...')
#10 C:\wp2\vendor\codeigniter4\framework\system\CLI\Commands.php(63): CodeIgniter\Commands\Database\Seed->run(Array)
#11 C:\wp2\vendor\codeigniter4\framework\system\CLI\CommandRunner.php(65): CodeIgniter\CLI\Commands->run('db:seed', Array)
#12 C:\wp2\vendor\codeigniter4\framework\system\CLI\CommandRunner.php(51): CodeIgniter\CLI\CommandRunner->index(Array)
#13 C:\wp2\vendor\codeigniter4\framework\system\CodeIgniter.php(895): CodeIgniter\CLI\CommandRunner->_remap('index', Array)
#14 C:\wp2\vendor\codeigniter4\framework\system\CodeIgniter.php(457): CodeIgniter\CodeIgniter->runController(Object(CodeIgniter\CLI\CommandRunner))
#15 C:\wp2\vendor\codeigniter4\framework\system\CodeIgniter.php(336): CodeIgniter\CodeIgniter->handleRequest(NULL, Object(Config\Cache), false)
#16 C:\wp2\vendor\codeigniter4\framework\system\CLI\Console.php(48): CodeIgniter\CodeIgniter->run()
#17 C:\wp2\spark(98): CodeIgniter\CLI\Console->run()
#18 {main}
